############################ Log - Start ############################
# Log initialized at: 06/06/14 17:15:06
# motor device
Time	motor/omsvme58_exp/27	motor/omsvme58_exp/39	motor/omsvme58_exp/33	Timestamp	Datetime
6.404	0.000	15.000	0.000	1402067713.41	06/06/14 17:15:13
6.539	1.000	15.000	0.000	1402067713.55	06/06/14 17:15:13
6.678	2.000	15.000	0.000	1402067713.68	06/06/14 17:15:13
6.815	3.000	15.000	0.000	1402067713.81	06/06/14 17:15:13
6.950	4.000	15.000	0.000	1402067713.95	06/06/14 17:15:13
7.086	5.000	15.000	0.000	1402067714.09	06/06/14 17:15:14
7.223	6.000	15.000	0.000	1402067714.23	06/06/14 17:15:14
7.361	7.000	15.000	0.000	1402067714.36	06/06/14 17:15:14
7.497	8.000	15.000	0.000	1402067714.5	06/06/14 17:15:14
7.635	9.000	15.000	0.000	1402067714.64	06/06/14 17:15:14
7.772	10.000	15.000	0.000	1402067714.78	06/06/14 17:15:14
7.827	11.000	15.000	0.000	1402067714.83	06/06/14 17:15:14
7.963	12.000	15.000	0.000	1402067714.97	06/06/14 17:15:14
8.101	13.000	15.000	0.000	1402067715.11	06/06/14 17:15:15
8.242	14.000	15.000	0.000	1402067715.24	06/06/14 17:15:15
8.378	15.000	15.000	0.000	1402067715.36	06/06/14 17:15:15
11.709	15.000	0.000	0.000	1402067718.71	06/06/14 17:15:18
11.847	15.000	1.000	0.000	1402067718.85	06/06/14 17:15:18
11.986	15.000	2.000	0.000	1402067718.99	06/06/14 17:15:18
12.123	15.000	3.000	0.000	1402067719.12	06/06/14 17:15:19
12.259	15.000	4.000	0.000	1402067719.26	06/06/14 17:15:19
12.398	15.000	5.000	0.000	1402067719.4	06/06/14 17:15:19
12.534	15.000	6.000	0.000	1402067719.54	06/06/14 17:15:19
12.671	15.000	7.000	0.000	1402067719.67	06/06/14 17:15:19
12.806	15.000	8.000	0.000	1402067719.81	06/06/14 17:15:19
12.945	15.000	9.000	0.000	1402067719.95	06/06/14 17:15:19
13.084	15.000	10.000	0.000	1402067720.09	06/06/14 17:15:20
13.221	15.000	11.000	0.000	1402067720.23	06/06/14 17:15:20
13.359	15.000	12.000	0.000	1402067720.36	06/06/14 17:15:20
13.498	15.000	13.000	0.000	1402067720.5	06/06/14 17:15:20
13.634	15.000	14.000	0.000	1402067720.64	06/06/14 17:15:20
13.771	15.000	15.000	0.000	1402067720.75	06/06/14 17:15:20
13.848	15.000	15.000	0.000	1402067720.85	06/06/14 17:15:20
17.248	0.000	15.000	1.000	1402067724.25	06/06/14 17:15:24
17.389	1.000	15.000	1.000	1402067724.39	06/06/14 17:15:24
17.525	2.000	15.000	1.000	1402067724.53	06/06/14 17:15:24
17.661	3.000	15.000	1.000	1402067724.66	06/06/14 17:15:24
17.796	4.000	15.000	1.000	1402067724.8	06/06/14 17:15:24
17.936	5.000	15.000	1.000	1402067724.94	06/06/14 17:15:24
18.073	6.000	15.000	1.000	1402067725.08	06/06/14 17:15:25
18.211	7.000	15.000	1.000	1402067725.21	06/06/14 17:15:25
18.348	8.000	15.000	1.000	1402067725.35	06/06/14 17:15:25
18.486	9.000	15.000	1.000	1402067725.49	06/06/14 17:15:25
18.623	10.000	15.000	1.000	1402067725.62	06/06/14 17:15:25
18.760	11.000	15.000	1.000	1402067725.76	06/06/14 17:15:25
18.896	12.000	15.000	1.000	1402067725.9	06/06/14 17:15:25
19.033	13.000	15.000	1.000	1402067726.03	06/06/14 17:15:26
19.170	14.000	15.000	1.000	1402067726.17	06/06/14 17:15:26
19.308	15.000	15.000	1.000	1402067726.29	06/06/14 17:15:26
22.600	15.000	0.000	1.000	1402067729.6	06/06/14 17:15:29
22.737	15.000	1.000	1.000	1402067729.74	06/06/14 17:15:29
22.873	15.000	2.000	1.000	1402067729.88	06/06/14 17:15:29
23.011	15.000	3.000	1.000	1402067730.01	06/06/14 17:15:30
23.148	15.000	4.000	1.000	1402067730.15	06/06/14 17:15:30
23.285	15.000	5.000	1.000	1402067730.29	06/06/14 17:15:30
23.422	15.000	6.000	1.000	1402067730.43	06/06/14 17:15:30
23.560	15.000	7.000	1.000	1402067730.56	06/06/14 17:15:30
23.697	15.000	8.000	1.000	1402067730.7	06/06/14 17:15:30
23.834	15.000	9.000	1.000	1402067730.83	06/06/14 17:15:30
23.971	15.000	10.000	1.000	1402067730.97	06/06/14 17:15:30
24.108	15.000	11.000	1.000	1402067731.11	06/06/14 17:15:31
24.245	15.000	12.000	1.000	1402067731.25	06/06/14 17:15:31
24.385	15.000	13.000	1.000	1402067731.39	06/06/14 17:15:31
24.521	15.000	14.000	1.000	1402067731.52	06/06/14 17:15:31
24.658	15.000	15.000	1.000	1402067731.64	06/06/14 17:15:31
24.722	15.000	15.000	1.000	1402067731.72	06/06/14 17:15:31
28.124	0.000	15.000	2.000	1402067735.13	06/06/14 17:15:35
28.264	1.000	15.000	2.000	1402067735.27	06/06/14 17:15:35
28.401	2.000	15.000	2.000	1402067735.4	06/06/14 17:15:35
28.540	3.000	15.000	2.000	1402067735.54	06/06/14 17:15:35
28.678	4.000	15.000	2.000	1402067735.68	06/06/14 17:15:35
28.818	5.000	15.000	2.000	1402067735.82	06/06/14 17:15:35
28.955	6.000	15.000	2.000	1402067735.96	06/06/14 17:15:35
29.095	7.000	15.000	2.000	1402067736.1	06/06/14 17:15:36
29.232	8.000	15.000	2.000	1402067736.23	06/06/14 17:15:36
29.369	9.000	15.000	2.000	1402067736.37	06/06/14 17:15:36
29.505	10.000	15.000	2.000	1402067736.51	06/06/14 17:15:36
29.643	11.000	15.000	2.000	1402067736.65	06/06/14 17:15:36
29.790	12.000	15.000	2.000	1402067736.79	06/06/14 17:15:36
29.925	13.000	15.000	2.000	1402067736.93	06/06/14 17:15:36
30.065	14.000	15.000	2.000	1402067737.07	06/06/14 17:15:37
30.202	15.000	15.000	2.000	1402067737.18	06/06/14 17:15:37
33.486	15.000	0.000	2.000	1402067740.49	06/06/14 17:15:40
33.625	15.000	1.000	2.000	1402067740.63	06/06/14 17:15:40
33.763	15.000	2.000	2.000	1402067740.77	06/06/14 17:15:40
33.900	15.000	3.000	2.000	1402067740.9	06/06/14 17:15:40
34.037	15.000	4.000	2.000	1402067741.04	06/06/14 17:15:41
34.191	15.000	5.000	2.000	1402067741.18	06/06/14 17:15:41
34.317	15.000	6.000	2.000	1402067741.32	06/06/14 17:15:41
34.454	15.000	7.000	2.000	1402067741.46	06/06/14 17:15:41
34.590	15.000	8.000	2.000	1402067741.59	06/06/14 17:15:41
34.728	15.000	9.000	2.000	1402067741.73	06/06/14 17:15:41
34.865	15.000	10.000	2.000	1402067741.87	06/06/14 17:15:41
35.002	15.000	11.000	2.000	1402067742.0	06/06/14 17:15:42
35.137	15.000	12.000	2.000	1402067742.14	06/06/14 17:15:42
35.277	15.000	13.000	2.000	1402067742.28	06/06/14 17:15:42
35.415	15.000	14.000	2.000	1402067742.42	06/06/14 17:15:42
35.556	15.000	15.000	2.000	1402067742.54	06/06/14 17:15:42
35.629	15.000	15.000	2.000	1402067742.63	06/06/14 17:15:42
39.050	0.000	15.000	3.000	1402067746.04	06/06/14 17:15:46
39.177	1.000	15.000	3.000	1402067746.18	06/06/14 17:15:46
39.354	2.000	15.000	3.000	1402067746.34	06/06/14 17:15:46
39.482	3.000	15.000	3.000	1402067746.46	06/06/14 17:15:46
39.605	4.000	15.000	3.000	1402067746.6	06/06/14 17:15:46
39.738	5.000	15.000	3.000	1402067746.74	06/06/14 17:15:46
39.874	6.000	15.000	3.000	1402067746.88	06/06/14 17:15:46
40.013	7.000	15.000	3.000	1402067747.02	06/06/14 17:15:47
40.151	8.000	15.000	3.000	1402067747.15	06/06/14 17:15:47
40.288	9.000	15.000	3.000	1402067747.29	06/06/14 17:15:47
40.424	10.000	15.000	3.000	1402067747.43	06/06/14 17:15:47
40.564	11.000	15.000	3.000	1402067747.57	06/06/14 17:15:47
40.712	12.000	15.000	3.000	1402067747.71	06/06/14 17:15:47
40.881	13.000	15.000	3.000	1402067747.86	06/06/14 17:15:47
40.985	14.000	15.000	3.000	1402067747.99	06/06/14 17:15:47
41.123	15.000	15.000	3.000	1402067748.11	06/06/14 17:15:48
44.414	15.000	0.000	3.000	1402067751.42	06/06/14 17:15:51
44.550	15.000	1.000	3.000	1402067751.56	06/06/14 17:15:51
44.689	15.000	2.000	3.000	1402067751.69	06/06/14 17:15:51
44.826	15.000	3.000	3.000	1402067751.83	06/06/14 17:15:51
44.963	15.000	4.000	3.000	1402067751.97	06/06/14 17:15:51
45.101	15.000	5.000	3.000	1402067752.1	06/06/14 17:15:52
45.238	15.000	6.000	3.000	1402067752.24	06/06/14 17:15:52
45.374	15.000	7.000	3.000	1402067752.38	06/06/14 17:15:52
45.511	15.000	8.000	3.000	1402067752.52	06/06/14 17:15:52
45.651	15.000	9.000	3.000	1402067752.65	06/06/14 17:15:52
45.787	15.000	10.000	3.000	1402067752.79	06/06/14 17:15:52
45.924	15.000	11.000	3.000	1402067752.93	06/06/14 17:15:52
46.061	15.000	12.000	3.000	1402067753.06	06/06/14 17:15:53
46.200	15.000	13.000	3.000	1402067753.2	06/06/14 17:15:53
46.338	15.000	14.000	3.000	1402067753.34	06/06/14 17:15:53
46.476	15.000	15.000	3.000	1402067753.46	06/06/14 17:15:53
46.553	15.000	15.000	3.000	1402067753.55	06/06/14 17:15:53
49.904	0.000	15.000	4.000	1402067756.91	06/06/14 17:15:56
50.041	1.000	15.000	4.000	1402067757.04	06/06/14 17:15:57
50.177	2.000	15.000	4.000	1402067757.18	06/06/14 17:15:57
50.315	3.000	15.000	4.000	1402067757.32	06/06/14 17:15:57
50.451	4.000	15.000	4.000	1402067757.45	06/06/14 17:15:57
50.587	5.000	15.000	4.000	1402067757.59	06/06/14 17:15:57
50.727	6.000	15.000	4.000	1402067757.73	06/06/14 17:15:57
50.777	7.000	15.000	4.000	1402067757.78	06/06/14 17:15:57
50.916	8.000	15.000	4.000	1402067757.92	06/06/14 17:15:57
51.054	9.000	15.000	4.000	1402067758.06	06/06/14 17:15:58
51.104	10.000	15.000	4.000	1402067758.11	06/06/14 17:15:58
51.245	11.000	15.000	4.000	1402067758.25	06/06/14 17:15:58
51.382	12.000	15.000	4.000	1402067758.38	06/06/14 17:15:58
51.526	13.000	15.000	4.000	1402067758.53	06/06/14 17:15:58
51.666	14.000	15.000	4.000	1402067758.67	06/06/14 17:15:58
51.804	15.000	15.000	4.000	1402067758.79	06/06/14 17:15:58
55.148	15.000	0.000	4.000	1402067762.15	06/06/14 17:16:02
55.289	15.000	1.000	4.000	1402067762.29	06/06/14 17:16:02
55.428	15.000	2.000	4.000	1402067762.43	06/06/14 17:16:02
55.564	15.000	3.000	4.000	1402067762.57	06/06/14 17:16:02
55.704	15.000	4.000	4.000	1402067762.71	06/06/14 17:16:02
55.840	15.000	5.000	4.000	1402067762.84	06/06/14 17:16:02
55.977	15.000	6.000	4.000	1402067762.98	06/06/14 17:16:02
56.114	15.000	7.000	4.000	1402067763.12	06/06/14 17:16:03
56.252	15.000	8.000	4.000	1402067763.26	06/06/14 17:16:03
56.388	15.000	9.000	4.000	1402067763.39	06/06/14 17:16:03
56.526	15.000	10.000	4.000	1402067763.53	06/06/14 17:16:03
56.663	15.000	11.000	4.000	1402067763.67	06/06/14 17:16:03
56.800	15.000	12.000	4.000	1402067763.82	06/06/14 17:16:03
56.939	15.000	13.000	4.000	1402067763.94	06/06/14 17:16:03
57.075	15.000	14.000	4.000	1402067764.08	06/06/14 17:16:04
57.212	15.000	15.000	4.000	1402067764.2	06/06/14 17:16:04
57.325	15.000	15.000	4.000	1402067764.33	06/06/14 17:16:04
60.730	0.000	15.000	5.000	1402067767.74	06/06/14 17:16:07
60.872	1.000	15.000	5.000	1402067767.88	06/06/14 17:16:07
61.010	2.000	15.000	5.000	1402067768.01	06/06/14 17:16:08
61.148	3.000	15.000	5.000	1402067768.15	06/06/14 17:16:08
61.285	4.000	15.000	5.000	1402067768.3	06/06/14 17:16:08
61.425	5.000	15.000	5.000	1402067768.43	06/06/14 17:16:08
61.562	6.000	15.000	5.000	1402067768.58	06/06/14 17:16:08
61.628	7.000	15.000	5.000	1402067768.62	06/06/14 17:16:08
61.662	8.000	15.000	5.000	1402067768.66	06/06/14 17:16:08
61.797	9.000	15.000	5.000	1402067768.8	06/06/14 17:16:08
61.934	10.000	15.000	5.000	1402067768.94	06/06/14 17:16:08
62.070	11.000	15.000	5.000	1402067769.07	06/06/14 17:16:09
62.208	12.000	15.000	5.000	1402067769.22	06/06/14 17:16:09
62.343	13.000	15.000	5.000	1402067769.35	06/06/14 17:16:09
62.482	14.000	15.000	5.000	1402067769.49	06/06/14 17:16:09
62.620	15.000	15.000	5.000	1402067769.6	06/06/14 17:16:09

# Log finished at: 06/06/14 17:16:10
############################# Log - End #############################